cl : 명령줄 warning D9035: 'Gm' 옵션은 더 이상 사용되지 않으므로 이후 릴리스에서 제거될 예정입니다.
  stdafx.cpp
cl : 명령줄 warning D9035: 'Gm' 옵션은 더 이상 사용되지 않으므로 이후 릴리스에서 제거될 예정입니다.
  Timer.cpp
  Scene.cpp
C:\Users\원주연\Desktop\프로젝트들\다렉\LabProject\Scene.cpp(115,54): warning C4244: '인수': 'int'에서 'float'(으)로 변환하면서 데이터가 손실될 수 있습니다.
C:\Users\원주연\Desktop\프로젝트들\다렉\LabProject\Scene.cpp(115,36): warning C4244: '인수': 'int'에서 'float'(으)로 변환하면서 데이터가 손실될 수 있습니다.
C:\Users\원주연\Desktop\프로젝트들\다렉\LabProject\Scene.cpp(116,64): warning C4244: '인수': 'int'에서 'float'(으)로 변환하면서 데이터가 손실될 수 있습니다.
C:\Users\원주연\Desktop\프로젝트들\다렉\LabProject\Scene.cpp(116,48): warning C4244: '인수': 'int'에서 'float'(으)로 변환하면서 데이터가 손실될 수 있습니다.
C:\Users\원주연\Desktop\프로젝트들\다렉\LabProject\Scene.cpp(121,12): warning C4244: '초기화 중': 'float'에서 'int'(으)로 변환하면서 데이터가 손실될 수 있습니다.
C:\Users\원주연\Desktop\프로젝트들\다렉\LabProject\Scene.cpp(151,64): warning C4244: '인수': 'int'에서 'float'(으)로 변환하면서 데이터가 손실될 수 있습니다.
C:\Users\원주연\Desktop\프로젝트들\다렉\LabProject\Scene.cpp(151,48): warning C4244: '인수': 'int'에서 'float'(으)로 변환하면서 데이터가 손실될 수 있습니다.
  Player.cpp
  Mesh.cpp
  LabProject.cpp
C:\Users\원주연\Desktop\프로젝트들\다렉\LabProject\LabProject.cpp(33,2): warning C4996: 'freopen': This function or variable may be unsafe. Consider using freopen_s instead. To disable deprecation, use _CRT_SECURE_NO_WARNINGS. See online help for details.
  GameObject.cpp
  GameFramework.cpp
  Camera.cpp
  코드를 생성하고 있습니다...
Camera.obj : warning LNK4075: '/EDITANDCONTINUE'이(가) '/INCREMENTAL:NO' 사양으로 인해 무시됩니다.
  LabProject.vcxproj -> C:\Users\원주연\Desktop\프로젝트들\다렉\Debug\LabProject.exe
